<?xml version="1.0" encoding="UTF-8"?>
<!-- Generated by org.testng.reporters.JUnitXMLReporter -->
<testsuite hostname="DESKTOP-0F0OE94" ignored="4" name="3300a7eea5f993b3" tests="10" failures="5" timestamp="2022-08-22T13:02:33 ICT" time="0.201" errors="0">
  <testcase name="test01" time="0.044" classname="tests.testng.TestNGHooks02"/>
  <testcase name="test02" time="0.002" classname="tests.testng.TestNGHooks02"/>
  <testcase name="test03" time="0.001" classname="tests.testng.TestNGHooks02"/>
  <testcase name="testParameter" time="0.0" classname="tests.testng.TestParameter">
    <failure type="org.testng.TestNGException" message="
Parameter &amp;apos;uuid&amp;apos; is required by @Test on method testParameter but has not been marked @Optional or defined
">
      <![CDATA[org.testng.TestNGException: 
Parameter 'uuid' is required by @Test on method testParameter but has not been marked @Optional or defined

at java.util.ArrayList.forEach(ArrayList.java:1259)
at java.util.concurrent.FutureTask.run(FutureTask.java:266)
at java.util.concurrent.ThreadPoolExecutor.runWorker(ThreadPoolExecutor.java:1149)
at java.util.concurrent.ThreadPoolExecutor$Worker.run(ThreadPoolExecutor.java:624)
at java.lang.Thread.run(Thread.java:750)
... Removed 17 stack frames]]>
    </failure>
  </testcase> <!-- testParameter -->
  <testcase name="testParameter" time="0.0" classname="tests.testng.TestParameter2">
    <failure type="org.testng.TestNGException" message="
Parameter &amp;apos;uuid&amp;apos; is required by @Test on method testParameter but has not been marked @Optional or defined
">
      <![CDATA[org.testng.TestNGException: 
Parameter 'uuid' is required by @Test on method testParameter but has not been marked @Optional or defined

at java.util.ArrayList.forEach(ArrayList.java:1259)
at java.util.concurrent.FutureTask.run(FutureTask.java:266)
at java.util.concurrent.ThreadPoolExecutor.runWorker(ThreadPoolExecutor.java:1149)
at java.util.concurrent.ThreadPoolExecutor$Worker.run(ThreadPoolExecutor.java:624)
at java.lang.Thread.run(Thread.java:750)
... Removed 17 stack frames]]>
    </failure>
  </testcase> <!-- testParameter -->
  <testcase name="testLogin" time="0.001" classname="tests.parallel.Login">
    <failure type="java.lang.NullPointerException" message="Name is null">
      <![CDATA[java.lang.NullPointerException: Name is null
at java.lang.Enum.valueOf(Enum.java:236)
at platform.Platform.valueOf(Platform.java:3)
at tests.BaseTest.getDriver(BaseTest.java:35)
at tests.parallel.Login.testLogin(Login.java:16)
at java.util.ArrayList.forEach(ArrayList.java:1259)
at java.util.concurrent.FutureTask.run(FutureTask.java:266)
at java.util.concurrent.ThreadPoolExecutor.runWorker(ThreadPoolExecutor.java:1149)
at java.util.concurrent.ThreadPoolExecutor$Worker.run(ThreadPoolExecutor.java:624)
at java.lang.Thread.run(Thread.java:750)
... Removed 18 stack frames]]>
    </failure>
  </testcase> <!-- testLogin -->
  <testcase name="testLogin" time="0.001" classname="tests.parallel.Login">
    <failure type="java.lang.NullPointerException" message="Name is null">
      <![CDATA[java.lang.NullPointerException: Name is null
at java.lang.Enum.valueOf(Enum.java:236)
at platform.Platform.valueOf(Platform.java:3)
at tests.BaseTest.getDriver(BaseTest.java:35)
at tests.parallel.Login.testLogin(Login.java:16)
at java.util.ArrayList.forEach(ArrayList.java:1259)
at java.util.concurrent.FutureTask.run(FutureTask.java:266)
at java.util.concurrent.ThreadPoolExecutor.runWorker(ThreadPoolExecutor.java:1149)
at java.util.concurrent.ThreadPoolExecutor$Worker.run(ThreadPoolExecutor.java:624)
at java.lang.Thread.run(Thread.java:750)
... Removed 18 stack frames]]>
    </failure>
  </testcase> <!-- testLogin -->
  <testcase name="testLogin" time="0.001" classname="tests.parallel.Login">
    <failure type="java.lang.NullPointerException" message="Name is null">
      <![CDATA[java.lang.NullPointerException: Name is null
at java.lang.Enum.valueOf(Enum.java:236)
at platform.Platform.valueOf(Platform.java:3)
at tests.BaseTest.getDriver(BaseTest.java:35)
at tests.parallel.Login.testLogin(Login.java:16)
at java.util.ArrayList.forEach(ArrayList.java:1259)
at java.util.concurrent.FutureTask.run(FutureTask.java:266)
at java.util.concurrent.ThreadPoolExecutor.runWorker(ThreadPoolExecutor.java:1149)
at java.util.concurrent.ThreadPoolExecutor$Worker.run(ThreadPoolExecutor.java:624)
at java.lang.Thread.run(Thread.java:750)
... Removed 18 stack frames]]>
    </failure>
  </testcase> <!-- testLogin -->
  <testcase name="test01" time="0.001" classname="tests.testng.TestNGHooks01"/>
  <testcase name="test02" time="0.003" classname="tests.testng.TestNGHooks01"/>
  <testcase name="@BeforeTest beforeTest" time="0.0" classname="tests.testng.BaseTestNG">
    <ignored/>
  </testcase> <!-- @BeforeTest beforeTest -->
  <testcase name="@BeforeSuite beforeSuit" time="0.0" classname="tests.testng.BaseTestNG">
    <ignored/>
  </testcase> <!-- @BeforeSuite beforeSuit -->
  <testcase name="@BeforeSuite beforeSuit" time="0.0" classname="tests.testng.BaseTestNG">
    <ignored/>
  </testcase> <!-- @BeforeSuite beforeSuit -->
  <testcase name="@BeforeTest beforeTest" time="0.0" classname="tests.testng.BaseTestNG">
    <ignored/>
  </testcase> <!-- @BeforeTest beforeTest -->
</testsuite> <!-- 3300a7eea5f993b3 -->
