<!DOCTYPE html PUBLIC "-//W3C//DTD XHTML 1.1//EN" "https://www.w3.org/TR/xhtml11/DTD/xhtml11.dtd">
<html xmlns="https://www.w3.org/1999/xhtml">
<head>
<meta http-equiv="content-type" content="text/html; charset=UTF-8"/>
<title>TestNG Report</title>
<style type="text/css">table {margin-bottom:10px;border-collapse:collapse;empty-cells:show}th,td {border:1px solid #009;padding:.25em .5em}th {vertical-align:bottom}td {vertical-align:top}table a {font-weight:bold}.stripe td {background-color: #E6EBF9}.num {text-align:right}.passedodd td {background-color: #3F3}.passedeven td {background-color: #0A0}.skippedodd td {background-color: #DDD}.skippedeven td {background-color: #CCC}.failedodd td,.attn {background-color: #F33}.failedeven td,.stripe .attn {background-color: #D00}.stacktrace {white-space:pre;font-family:monospace}.totop {font-size:85%;text-align:center;border-bottom:2px solid #000}.invisible {display:none}</style>
</head>
<body>
<table>
<tr><th>Test</th><th># Passed</th><th># Skipped</th><th># Retried</th><th># Failed</th><th>Time (ms)</th><th>Included Groups</th><th>Excluded Groups</th></tr>
<tr><th colspan="8">Command line suite</th></tr>
<tr><td><a href="#t0">Command line test</a></td><td class="num">0</td><td class="num attn">9</td><td class="num">0</td><td class="num attn">2</td><td class="num">418</td><td></td><td></td></tr>
</table>
<table id='summary'><thead><tr><th>Class</th><th>Method</th><th>Start</th><th>Time (ms)</th></tr></thead><tbody><tr><th colspan="4">Command line suite</th></tr></tbody><tbody id="t0"><tr><th colspan="4">Command line test &#8212; failed (configuration methods)</th></tr><tr class="failedeven"><td rowspan="2">tests.authen.LoginTestWithBaseTest</td><td><a href="#m0">initAppiumSession</a></td><td rowspan="1">1660476684083</td><td rowspan="1">-1660476684083</td></tr><tr class="failedeven"><td><a href="#m1">quitAppiumSession</a></td><td rowspan="1">1660476684489</td><td rowspan="1">1</td></tr><tr><th colspan="4">Command line test &#8212; failed</th></tr><tr class="failedeven"><td rowspan="1">tests.testng.TestParameter</td><td><a href="#m2">testParameter</a></td><td rowspan="1">1660476684477</td><td rowspan="1">0</td></tr><tr class="failedodd"><td rowspan="1">tests.testng.TestParameter2</td><td><a href="#m3">testParameter</a></td><td rowspan="1">1660476684483</td><td rowspan="1">0</td></tr><tr><th colspan="4">Command line test &#8212; skipped (configuration methods)</th></tr><tr class="skippedeven"><td rowspan="4">tests.testng.TestNGHooks01</td><td><a href="#m4">afterMethod</a></td><td rowspan="1">1660476684436</td><td rowspan="1">0</td></tr><tr class="skippedeven"><td><a href="#m5">beforeClass</a></td><td rowspan="1">1660476684414</td><td rowspan="1">0</td></tr><tr class="skippedeven"><td><a href="#m6">beforeMethod</a></td><td rowspan="1">1660476684416</td><td rowspan="1">0</td></tr><tr class="skippedeven"><td><a href="#m7">beforeTest</a></td><td rowspan="1">1660476684263</td><td rowspan="1">0</td></tr><tr class="skippedodd"><td rowspan="7">tests.testng.TestNGHooks02</td><td><a href="#m8">afterMethod</a></td><td rowspan="3">1660476684455</td><td rowspan="3">0</td></tr><tr class="skippedodd"><td><a href="#m9">afterMethod</a></td></tr><tr class="skippedodd"><td><a href="#m10">afterMethod</a></td></tr><tr class="skippedodd"><td><a href="#m11">beforeClass</a></td><td rowspan="1">1660476684448</td><td rowspan="1">0</td></tr><tr class="skippedodd"><td><a href="#m12">beforeMethod</a></td><td rowspan="3">1660476684449</td><td rowspan="3">0</td></tr><tr class="skippedodd"><td><a href="#m13">beforeMethod</a></td></tr><tr class="skippedodd"><td><a href="#m14">beforeMethod</a></td></tr><tr><th colspan="4">Command line test &#8212; skipped</th></tr><tr class="skippedeven"><td rowspan="3">tests.authen.LoginTestWithBaseTest</td><td><a href="#m15">testLogin</a></td><td rowspan="3">1660476684398</td><td rowspan="3">0</td></tr><tr class="skippedeven"><td><a href="#m16">testLogin</a></td></tr><tr class="skippedeven"><td><a href="#m17">testLogin</a></td></tr><tr class="skippedodd"><td rowspan="1">tests.form.FormTest</td><td><a href="#m18">testFormFlow</a></td><td rowspan="1">1660476684409</td><td rowspan="1">1</td></tr><tr class="skippedeven"><td rowspan="2">tests.testng.TestNGHooks01</td><td><a href="#m19">test01</a></td><td rowspan="1">1660476684430</td><td rowspan="1">1</td></tr><tr class="skippedeven"><td><a href="#m20">test02</a></td><td rowspan="1">1660476684443</td><td rowspan="1">0</td></tr><tr class="skippedodd"><td rowspan="3">tests.testng.TestNGHooks02</td><td><a href="#m21">test01</a></td><td rowspan="1">1660476684451</td><td rowspan="1">0</td></tr><tr class="skippedodd"><td><a href="#m22">test02</a></td><td rowspan="1">1660476684460</td><td rowspan="1">0</td></tr><tr class="skippedodd"><td><a href="#m23">test03</a></td><td rowspan="1">1660476684470</td><td rowspan="1">0</td></tr></tbody>
</table>
<h2>Command line test</h2><h3 id="m0">tests.authen.LoginTestWithBaseTest#initAppiumSession</h3><table class="result"><tr><th>Exception</th></tr><tr><td><div class="stacktrace">org.testng.TestNGException: 
Parameter &apos;udid&apos; is required by BeforeTest on method initAppiumSession but has not been marked @Optional or defined

... Removed 29 stack frames</div></td></tr></table><p class="totop"><a href="#summary">back to summary</a></p>
<h3 id="m1">tests.authen.LoginTestWithBaseTest#quitAppiumSession</h3><table class="result"><tr><th>Exception</th></tr><tr><td><div class="stacktrace">java.lang.NullPointerException: Cannot invoke &quot;java.lang.ThreadLocal.get()&quot; because &quot;tests.BaseTest.driverThread&quot; is null
	at tests.BaseTest.quitAppiumSession(BaseTest.java:48)
... Removed 30 stack frames</div></td></tr></table><p class="totop"><a href="#summary">back to summary</a></p>
<h3 id="m2">tests.testng.TestParameter#testParameter</h3><table class="result"><tr><th>Exception</th></tr><tr><td><div class="stacktrace">org.testng.TestNGException: 
Parameter &apos;uuid&apos; is required by @Test on method testParameter but has not been marked @Optional or defined

	at java.base/java.util.ArrayList.forEach(ArrayList.java:1511)
... Removed 34 stack frames</div></td></tr></table><p class="totop"><a href="#summary">back to summary</a></p>
<h3 id="m3">tests.testng.TestParameter2#testParameter</h3><table class="result"><tr><th>Exception</th></tr><tr><td><div class="stacktrace">org.testng.TestNGException: 
Parameter &apos;uuid&apos; is required by @Test on method testParameter but has not been marked @Optional or defined

	at java.base/java.util.ArrayList.forEach(ArrayList.java:1511)
... Removed 34 stack frames</div></td></tr></table><p class="totop"><a href="#summary">back to summary</a></p>
<h3 id="m4">tests.testng.TestNGHooks01#afterMethod</h3><table class="result"><tr><th class="invisible"/></tr></table><p class="totop"><a href="#summary">back to summary</a></p>
<h3 id="m5">tests.testng.TestNGHooks01#beforeClass</h3><table class="result"><tr><th class="invisible"/></tr></table><p class="totop"><a href="#summary">back to summary</a></p>
<h3 id="m6">tests.testng.TestNGHooks01#beforeMethod</h3><table class="result"><tr><th class="invisible"/></tr></table><p class="totop"><a href="#summary">back to summary</a></p>
<h3 id="m7">tests.testng.TestNGHooks01#beforeTest</h3><table class="result"><tr><th class="invisible"/></tr></table><p class="totop"><a href="#summary">back to summary</a></p>
<h3 id="m8">tests.testng.TestNGHooks02#afterMethod</h3><table class="result"><tr><th class="invisible"/></tr></table><p class="totop"><a href="#summary">back to summary</a></p>
<h3 id="m9">tests.testng.TestNGHooks02#afterMethod</h3><table class="result"><tr><th class="invisible"/></tr></table><p class="totop"><a href="#summary">back to summary</a></p>
<h3 id="m10">tests.testng.TestNGHooks02#afterMethod</h3><table class="result"><tr><th class="invisible"/></tr></table><p class="totop"><a href="#summary">back to summary</a></p>
<h3 id="m11">tests.testng.TestNGHooks02#beforeClass</h3><table class="result"><tr><th class="invisible"/></tr></table><p class="totop"><a href="#summary">back to summary</a></p>
<h3 id="m12">tests.testng.TestNGHooks02#beforeMethod</h3><table class="result"><tr><th class="invisible"/></tr></table><p class="totop"><a href="#summary">back to summary</a></p>
<h3 id="m13">tests.testng.TestNGHooks02#beforeMethod</h3><table class="result"><tr><th class="invisible"/></tr></table><p class="totop"><a href="#summary">back to summary</a></p>
<h3 id="m14">tests.testng.TestNGHooks02#beforeMethod</h3><table class="result"><tr><th class="invisible"/></tr></table><p class="totop"><a href="#summary">back to summary</a></p>
<h3 id="m15">tests.authen.LoginTestWithBaseTest#testLogin</h3><table class="result"><tr class="param"><th>Parameter #1</th></tr><tr class="param stripe"><td>LoginCred{email=&apos;user@mail.com&apos;, passsword=&apos;12345678&apos;}</td></tr><tr><th>Exception</th></tr><tr><td><div class="stacktrace">org.testng.TestNGException: 
Parameter &apos;udid&apos; is required by BeforeTest on method initAppiumSession but has not been marked @Optional or defined

... Removed 29 stack frames</div></td></tr></table><p class="totop"><a href="#summary">back to summary</a></p>
<h3 id="m16">tests.authen.LoginTestWithBaseTest#testLogin</h3><table class="result"><tr class="param"><th>Parameter #1</th></tr><tr class="param stripe"><td>LoginCred{email=&apos;user.com&apos;, passsword=&apos;password&apos;}</td></tr><tr><th>Exception</th></tr><tr><td><div class="stacktrace">org.testng.TestNGException: 
Parameter &apos;udid&apos; is required by BeforeTest on method initAppiumSession but has not been marked @Optional or defined

... Removed 29 stack frames</div></td></tr></table><p class="totop"><a href="#summary">back to summary</a></p>
<h3 id="m17">tests.authen.LoginTestWithBaseTest#testLogin</h3><table class="result"><tr class="param"><th>Parameter #1</th></tr><tr class="param stripe"><td>LoginCred{email=&apos;user@&apos;, passsword=&apos;12345678&apos;}</td></tr><tr><th>Exception</th></tr><tr><td><div class="stacktrace">org.testng.TestNGException: 
Parameter &apos;udid&apos; is required by BeforeTest on method initAppiumSession but has not been marked @Optional or defined

... Removed 29 stack frames</div></td></tr></table><p class="totop"><a href="#summary">back to summary</a></p>
<h3 id="m18">tests.form.FormTest#testFormFlow</h3><table class="result"><tr><th>Exception</th></tr><tr><td><div class="stacktrace">org.testng.TestNGException: 
Parameter &apos;udid&apos; is required by BeforeTest on method initAppiumSession but has not been marked @Optional or defined

... Removed 29 stack frames</div></td></tr></table><p class="totop"><a href="#summary">back to summary</a></p>
<h3 id="m19">tests.testng.TestNGHooks01#test01</h3><table class="result"><tr><th>Exception</th></tr><tr><td><div class="stacktrace">org.testng.TestNGException: 
Parameter &apos;udid&apos; is required by BeforeTest on method initAppiumSession but has not been marked @Optional or defined

... Removed 29 stack frames</div></td></tr></table><p class="totop"><a href="#summary">back to summary</a></p>
<h3 id="m20">tests.testng.TestNGHooks01#test02</h3><table class="result"><tr><th>Exception</th></tr><tr><td><div class="stacktrace">java.lang.Throwable: Method tests.testng.TestNGHooks01.test02() on instance tests.testng.TestNGHooks01@59af0466 depends on not successfully finished methods 
[tests.testng.TestNGHooks01.test01() on instance tests.testng.TestNGHooks01@59af0466]
	at java.base/java.util.ArrayList.forEach(ArrayList.java:1511)
... Removed 26 stack frames</div></td></tr></table><p class="totop"><a href="#summary">back to summary</a></p>
<h3 id="m21">tests.testng.TestNGHooks02#test01</h3><table class="result"><tr><th>Exception</th></tr><tr><td><div class="stacktrace">org.testng.TestNGException: 
Parameter &apos;udid&apos; is required by BeforeTest on method initAppiumSession but has not been marked @Optional or defined

... Removed 29 stack frames</div></td></tr></table><p class="totop"><a href="#summary">back to summary</a></p>
<h3 id="m22">tests.testng.TestNGHooks02#test02</h3><table class="result"><tr><th>Exception</th></tr><tr><td><div class="stacktrace">org.testng.TestNGException: 
Parameter &apos;udid&apos; is required by BeforeTest on method initAppiumSession but has not been marked @Optional or defined

... Removed 29 stack frames</div></td></tr></table><p class="totop"><a href="#summary">back to summary</a></p>
<h3 id="m23">tests.testng.TestNGHooks02#test03</h3><table class="result"><tr><th>Exception</th></tr><tr><td><div class="stacktrace">org.testng.TestNGException: 
Parameter &apos;udid&apos; is required by BeforeTest on method initAppiumSession but has not been marked @Optional or defined

... Removed 29 stack frames</div></td></tr></table><p class="totop"><a href="#summary">back to summary</a></p>
</body>
</html>
